# Screening Log - 12month-cuphold

## 2026-03-12

**Task:** 12month-cuphold
**Time:** 16:35 CST
**Target Date:** 2026-03-11

### Results
- **Candidates:** 337 stocks (turnover > 5%, gain > 2%)
- **Final Results:** 10 stocks

### Stocks Found

| 股票代码 | 股票名称 | 放量倍数 | 换手率 | 昨日成交总额(万元) | 杯柄日期 |
|---------|---------|---------|--------|------------------|---------|
| 603105 | 芯能科技 | 1.93 | 6.58% | 35,626 | 2025-11-20 |
| 601669 | 中国电建 | 1.90 | 9.53% | 784,019 | 2025-11-10 |
| 600509 | 天富能源 | 1.78 | 9.06% | 118,735 | 2025-12-15 |
| 603039 | 泛微网络 | 1.75 | 5.43% | 63,272 | 2025-12-26 |
| 603063 | 禾望电气 | 1.71 | 11.00% | 168,004 | 2025-12-26 |
| 603757 | 大元泵业 | 1.66 | 7.76% | 68,136 | 2025-12-26 |
| 603312 | 西典新能 | 1.63 | 11.21% | 28,291 | 2025-12-26 |
| 600328 | 中盐化工 | 1.61 | 6.35% | 89,547 | 2025-11-20 |
| 600844 | 金煤科技 | 1.55 | 14.29% | 41,278 | 2025-12-09 |
| 600163 | 中闽能源 | 1.52 | 5.59% | 72,603 | 2025-12-15 |

### Output File
`data/12month_cuphold_2026-03-11.xlsx`

---
