# Data Health Check Log
# 格式: 时间戳 - 级别 - 消息
# 生成时间: 2026-03-19 09:34:00

2026-03-19 09:00:00 - INFO - ==================================================
2026-03-19 09:00:00 - INFO - 开始数据健康检查
2026-03-19 09:00:00 - INFO - ==================================================
2026-03-19 09:00:01 - INFO - 数据库连接成功: /Users/mac/.openclaw/workspace-neo/data/stock_data.db
2026-03-19 09:00:01 - INFO - 检查数据新鲜度...
2026-03-19 09:00:02 - INFO - 数据新鲜度正常，最新日期: 2026-03-18
2026-03-19 09:00:02 - INFO - 检查股票数量完整性...
2026-03-19 09:00:03 - INFO - 股票数量完整: 4663 只
2026-03-19 09:00:03 - INFO - 检查重复数据...
2026-03-19 09:00:04 - INFO - 无重复数据
2026-03-19 09:00:04 - INFO - 检查数据质量...
2026-03-19 09:00:05 - INFO - 数据质量检查通过
2026-03-19 09:00:05 - INFO - ==================================================
2026-03-19 09:00:05 - INFO - 检查完成，总体状态: healthy
2026-03-19 09:00:05 - INFO - ==================================================

# 历史记录示例
2026-03-18 08:30:15 - WARNING - 数据延迟 1 天，最新数据日期: 2026-03-16
2026-03-18 08:30:15 - INFO - 股票数量完整: 4663 只
2026-03-18 08:30:16 - INFO - 无重复数据
2026-03-18 08:30:16 - WARNING - 发现 3 类数据质量问题
2026-03-18 08:30:17 - WARNING - 发现 5 条涨跌幅超过20%的记录
2026-03-18 08:30:17 - WARNING - 发现 12 条零成交量记录
2026-03-18 08:30:17 - WARNING - 发现 2 条价格数据缺失的记录
2026-03-18 08:30:18 - WARNING - 告警已保存到: /Users/mac/.openclaw/workspace-neo/alerts/2026-03-18_alert.json

2026-03-17 09:00:00 - ERROR - 发现 15 组重复数据
2026-03-17 09:00:01 - ERROR - 告警已保存到: /Users/mac/.openclaw/workspace-neo/alerts/2026-03-17_alert.json
2026-03-19 09:39:13,644 - INFO - ==================================================
2026-03-19 09:39:13,644 - INFO - 开始数据健康检查
2026-03-19 09:39:13,644 - INFO - ==================================================
2026-03-19 09:39:13,645 - INFO - 数据库连接成功: /Users/mac/.openclaw/workspace-neo/data/stock_data.db
2026-03-19 09:39:13,645 - INFO - 检查数据新鲜度...
2026-03-19 09:39:13,646 - INFO - 数据新鲜度正常，最新日期: 2026-03-18
2026-03-19 09:39:13,647 - INFO - 检查股票数量完整性...
2026-03-19 09:39:13,651 - WARNING - 股票数据不完整，缺失 37 只
2026-03-19 09:39:13,651 - INFO - 检查重复数据...
2026-03-19 09:39:13,786 - INFO - 无重复数据
2026-03-19 09:39:13,786 - INFO - 检查数据质量...
2026-03-19 09:39:14,008 - WARNING - 发现 1757 条涨跌幅超过20%的记录
2026-03-19 09:39:14,009 - WARNING - 发现 2919 条零成交量记录
2026-03-19 09:39:14,009 - INFO - 告警已保存到: /Users/mac/.openclaw/workspace-neo/alerts/2026-03-19_alert.json
2026-03-19 09:39:14,009 - INFO - ==================================================
2026-03-19 09:39:14,009 - INFO - 检查完成，总体状态: fail
2026-03-19 09:39:14,009 - INFO - ==================================================
2026-03-19 09:39:40,415 - INFO - ==================================================
2026-03-19 09:39:40,416 - INFO - 开始数据健康检查
2026-03-19 09:39:40,416 - INFO - ==================================================
2026-03-19 09:39:40,417 - INFO - 数据库连接成功: /Users/mac/.openclaw/workspace-neo/data/stock_data.db
2026-03-19 09:39:40,417 - INFO - 检查数据新鲜度...
2026-03-19 09:39:40,419 - INFO - 数据新鲜度正常，最新日期: 2026-03-18
2026-03-19 09:39:40,419 - INFO - 检查股票数量完整性...
2026-03-19 09:39:40,427 - WARNING - 股票数据不完整，缺失 37 只
2026-03-19 09:39:40,427 - INFO - 检查重复数据...
2026-03-19 09:39:40,596 - INFO - 无重复数据
2026-03-19 09:39:40,596 - INFO - 检查数据质量...
2026-03-19 09:39:41,473 - WARNING - 发现 1757 条涨跌幅超过20%的记录
2026-03-19 09:39:41,473 - WARNING - 发现 2919 条零成交量记录
2026-03-19 09:39:41,475 - INFO - 告警已保存到: /Users/mac/.openclaw/workspace-neo/alerts/2026-03-19_alert.json
2026-03-19 09:39:41,475 - INFO - ==================================================
2026-03-19 09:39:41,475 - INFO - 检查完成，总体状态: fail
2026-03-19 09:39:41,475 - INFO - ==================================================
2026-03-19 09:40:29,354 - INFO - ==================================================
2026-03-19 09:40:29,354 - INFO - 开始数据健康检查
2026-03-19 09:40:29,354 - INFO - ==================================================
2026-03-19 09:40:29,356 - INFO - 数据库连接成功: /Users/mac/.openclaw/workspace-neo/data/stock_data.db
2026-03-19 09:40:29,356 - INFO - 检查数据新鲜度...
2026-03-19 09:40:29,358 - INFO - 数据新鲜度正常，最新日期: 2026-03-18
2026-03-19 09:40:29,358 - INFO - 检查股票数量完整性...
2026-03-19 09:40:29,368 - WARNING - 股票数据不完整，缺失 37 只
2026-03-19 09:40:29,368 - INFO - 检查重复数据...
2026-03-19 09:40:29,577 - INFO - 无重复数据
2026-03-19 09:40:29,577 - INFO - 检查数据质量...
2026-03-19 09:40:30,559 - WARNING - 发现 1757 条涨跌幅超过20%的记录
2026-03-19 09:40:30,559 - WARNING - 发现 2919 条零成交量记录
2026-03-19 09:40:30,561 - INFO - 告警已保存到: /Users/mac/.openclaw/workspace-neo/alerts/2026-03-19_alert.json
2026-03-19 09:40:30,561 - INFO - ==================================================
2026-03-19 09:40:30,561 - INFO - 检查完成，总体状态: fail
2026-03-19 09:40:30,561 - INFO - ==================================================
