2026-03-12 15:38:14,804 - __main__ - INFO - 新浪数据获取器初始化完成
2026-03-12 15:38:27,202 - __main__ - INFO - 获取 5489 只股票的实时行情...
2026-03-12 15:38:29,068 - __main__ - INFO - 获取日线数据: 5191 只股票
2026-03-12 15:38:29,412 - __main__ - INFO - 获取涨停数据: 0 只涨停股
2026-03-12 15:39:36,176 - sina_fetcher - INFO - 新浪数据获取器初始化完成
2026-03-12 15:39:36,177 - keyword_library - INFO - 关键词库管理器初始化完成
2026-03-12 15:39:36,177 - __main__ - INFO - ============================================================
2026-03-12 15:39:36,177 - __main__ - INFO - 开始执行盘后深度复盘: 20260312
2026-03-12 15:39:36,177 - __main__ - INFO - ============================================================
2026-03-12 15:39:36,177 - __main__ - INFO - [1/5] 情绪周期分析...
2026-03-12 15:39:36,177 - emotion_analyzer - INFO - 计算 20260312 情绪四要素...
2026-03-12 15:39:36,414 - sina_fetcher - INFO - 获取涨停数据: 52 只涨停股
2026-03-12 15:39:45,065 - sina_fetcher - INFO - 获取 5489 只股票的实时行情...
2026-03-12 15:39:45,762 - sina_fetcher - INFO - 获取日线数据: 5191 只股票
2026-03-12 15:39:45,764 - emotion_analyzer - INFO - 情绪四要素: 涨停=52, 溢价=11.29%, 连板=8, 高度=4
2026-03-12 15:39:45,765 - __main__ - INFO - [2/5] 涨幅分布分析...
2026-03-12 15:39:45,765 - sector_analyzer - INFO - 分析 20260312 领涨板块...
2026-03-12 15:39:45,766 - sina_fetcher - INFO - 获取 5489 只股票的实时行情...
2026-03-12 15:39:46,372 - sina_fetcher - INFO - 获取日线数据: 5191 只股票
2026-03-12 15:39:46,377 - __main__ - INFO - [3/5] 成交额集中度分析...
2026-03-12 15:39:46,378 - sector_analyzer - INFO - 分析 20260312 成交额集中度...
2026-03-12 15:39:46,378 - sina_fetcher - INFO - 获取 5489 只股票的实时行情...
2026-03-12 15:39:46,729 - sina_fetcher - INFO - 获取日线数据: 5191 只股票
2026-03-12 15:39:46,731 - __main__ - ERROR - 盘后复盘失败: '>=' not supported between instances of 'NoneType' and 'int'
2026-03-12 15:39:46,744 - __main__ - ERROR - Traceback (most recent call last):
  File "/Users/mac/.openclaw/workspace-neo/scripts/cron/postmarket_task.py", line 118, in run
    concentration = self.sector_analyzer.analyze_sector_concentration(today)
  File "/Users/mac/.openclaw/workspace-neo/scripts/sector_analyzer.py", line 239, in analyze_sector_concentration
    top100['市值区间'] = top100['total_mv'].apply(categorize_mv)
  File "/Users/mac/Library/Python/3.9/lib/python/site-packages/pandas/core/series.py", line 4936, in apply
    return SeriesApply(
  File "/Users/mac/Library/Python/3.9/lib/python/site-packages/pandas/core/apply.py", line 1422, in apply
    return self.apply_standard()
  File "/Users/mac/Library/Python/3.9/lib/python/site-packages/pandas/core/apply.py", line 1502, in apply_standard
    mapped = obj._map_values(
  File "/Users/mac/Library/Python/3.9/lib/python/site-packages/pandas/core/base.py", line 925, in _map_values
    return algorithms.map_array(arr, mapper, na_action=na_action, convert=convert)
  File "/Users/mac/Library/Python/3.9/lib/python/site-packages/pandas/core/algorithms.py", line 1743, in map_array
    return lib.map_infer(values, mapper, convert=convert)
  File "pandas/_libs/lib.pyx", line 2999, in pandas._libs.lib.map_infer
  File "/Users/mac/.openclaw/workspace-neo/scripts/sector_analyzer.py", line 228, in categorize_mv
    if mv >= 1000:  # 1000亿以上
TypeError: '>=' not supported between instances of 'NoneType' and 'int'

2026-03-13 15:30:01,755 - sina_fetcher - INFO - 新浪数据获取器初始化完成
2026-03-13 15:30:01,756 - keyword_library - INFO - 关键词库管理器初始化完成
2026-03-13 15:30:01,756 - __main__ - INFO - ============================================================
2026-03-13 15:30:01,756 - __main__ - INFO - 开始执行盘后深度复盘: 20260313
2026-03-13 15:30:01,756 - __main__ - INFO - ============================================================
2026-03-13 15:30:01,756 - __main__ - INFO - [1/5] 情绪周期分析...
2026-03-13 15:30:01,756 - emotion_analyzer - INFO - 计算 20260313 情绪四要素...
2026-03-13 15:30:02,033 - sina_fetcher - INFO - 获取涨停数据: 59 只涨停股
2026-03-13 15:30:18,688 - sina_fetcher - INFO - 获取 5489 只股票的实时行情...
2026-03-13 15:30:19,785 - sina_fetcher - INFO - 获取日线数据: 5191 只股票
2026-03-13 15:30:19,788 - emotion_analyzer - INFO - 情绪四要素: 涨停=59, 溢价=10.71%, 连板=8, 高度=5
2026-03-13 15:30:19,789 - __main__ - INFO - [2/5] 涨幅分布分析...
2026-03-13 15:30:19,789 - sector_analyzer - INFO - 分析 20260313 领涨板块...
2026-03-13 15:30:19,790 - sina_fetcher - INFO - 获取 5489 只股票的实时行情...
2026-03-13 15:30:20,487 - sina_fetcher - INFO - 获取日线数据: 5191 只股票
2026-03-13 15:30:20,495 - __main__ - INFO - [3/5] 成交额集中度分析...
2026-03-13 15:30:20,495 - sector_analyzer - INFO - 分析 20260313 成交额集中度...
2026-03-13 15:30:20,497 - sina_fetcher - INFO - 获取 5489 只股票的实时行情...
2026-03-13 15:30:21,311 - sina_fetcher - INFO - 获取日线数据: 5191 只股票
2026-03-13 15:30:21,316 - __main__ - ERROR - 盘后复盘失败: '>=' not supported between instances of 'NoneType' and 'int'
2026-03-13 15:30:21,333 - __main__ - ERROR - Traceback (most recent call last):
  File "/Users/mac/.openclaw/workspace-neo/scripts/cron/postmarket_task.py", line 118, in run
    concentration = self.sector_analyzer.analyze_sector_concentration(today)
  File "/Users/mac/.openclaw/workspace-neo/scripts/sector_analyzer.py", line 239, in analyze_sector_concentration
    top100['市值区间'] = top100['total_mv'].apply(categorize_mv)
  File "/Users/mac/Library/Python/3.9/lib/python/site-packages/pandas/core/series.py", line 4936, in apply
    return SeriesApply(
  File "/Users/mac/Library/Python/3.9/lib/python/site-packages/pandas/core/apply.py", line 1422, in apply
    return self.apply_standard()
  File "/Users/mac/Library/Python/3.9/lib/python/site-packages/pandas/core/apply.py", line 1502, in apply_standard
    mapped = obj._map_values(
  File "/Users/mac/Library/Python/3.9/lib/python/site-packages/pandas/core/base.py", line 925, in _map_values
    return algorithms.map_array(arr, mapper, na_action=na_action, convert=convert)
  File "/Users/mac/Library/Python/3.9/lib/python/site-packages/pandas/core/algorithms.py", line 1743, in map_array
    return lib.map_infer(values, mapper, convert=convert)
  File "pandas/_libs/lib.pyx", line 2999, in pandas._libs.lib.map_infer
  File "/Users/mac/.openclaw/workspace-neo/scripts/sector_analyzer.py", line 228, in categorize_mv
    if mv >= 1000:  # 1000亿以上
TypeError: '>=' not supported between instances of 'NoneType' and 'int'

