2026-03-15 11:07:33,324 - INFO - ============================================================
2026-03-15 11:07:33,324 - INFO - 开始每日数据更新: 2026-03-14
2026-03-15 11:07:33,324 - INFO - ============================================================
2026-03-15 11:07:33,324 - INFO - 更新股票基础信息...
2026-03-15 11:07:34,574 - INFO - 登录成功
2026-03-15 11:07:34,574 - INFO - 获取全A股列表...
2026-03-15 11:08:04,880 - INFO - 获取到 5812 只股票（已过滤ST、北交所、指数）
2026-03-15 11:08:05,426 - INFO - 股票列表更新完成: 新增 0 只
2026-03-15 11:08:05,909 - INFO - 已登出
2026-03-15 11:08:05,975 - INFO - 计划更新: 4663 只活跃股票（已排除退市/ST/指数）
2026-03-15 11:08:06,029 - INFO - 已完成: 1400 只，剩余: 3263 只
2026-03-15 11:08:06,029 - INFO - 
============================================================
2026-03-15 11:08:06,029 - INFO - 处理 Chunk 1/17 (200 只股票)
2026-03-15 11:08:06,029 - INFO - ============================================================
2026-03-15 11:08:07,676 - INFO - 登录成功
2026-03-15 11:09:40,378 - INFO - Chunk 完成: 更新 200 只股票
2026-03-15 11:09:40,439 - INFO - 已登出
2026-03-15 11:09:40,440 - INFO - 进度: 1600/4663 (34.3%)
2026-03-15 11:09:40,440 - INFO - 
============================================================
2026-03-15 11:09:40,440 - INFO - 处理 Chunk 2/17 (200 只股票)
2026-03-15 11:09:40,440 - INFO - ============================================================
2026-03-15 11:09:40,531 - INFO - 登录成功
2026-03-15 11:12:01,930 - INFO - Chunk 完成: 更新 200 只股票
2026-03-15 11:12:01,975 - INFO - 已登出
2026-03-15 11:12:01,977 - INFO - 进度: 1800/4663 (38.6%)
2026-03-15 11:12:01,977 - INFO - 
============================================================
2026-03-15 11:12:01,977 - INFO - 处理 Chunk 3/17 (200 只股票)
2026-03-15 11:12:01,977 - INFO - ============================================================
2026-03-15 11:12:02,431 - INFO - 登录成功
2026-03-15 11:12:36,017 - WARNING - 获取sh.688237日线数据失败: 用户未登录
2026-03-15 11:12:36,054 - WARNING - 获取sh.688238日线数据失败: 用户未登录
2026-03-15 11:12:36,094 - WARNING - 获取sh.688239日线数据失败: 用户未登录
2026-03-15 11:12:36,145 - WARNING - 获取sh.688244日线数据失败: 用户未登录
2026-03-15 11:12:36,204 - WARNING - 获取sh.688246日线数据失败: 用户未登录
2026-03-15 11:12:36,251 - WARNING - 获取sh.688247日线数据失败: 用户未登录
2026-03-15 11:12:36,443 - WARNING - 获取sh.688248日线数据失败: 用户未登录
2026-03-15 11:12:36,481 - WARNING - 获取sh.688249日线数据失败: 用户未登录
2026-03-15 11:12:36,518 - WARNING - 获取sh.688251日线数据失败: 用户未登录
2026-03-15 11:12:36,576 - WARNING - 获取sh.688252日线数据失败: 用户未登录
2026-03-15 11:12:36,625 - WARNING - 获取sh.688253日线数据失败: 用户未登录
2026-03-15 11:13:15,065 - WARNING - 获取sh.688337日线数据失败: 用户未登录
2026-03-15 11:13:15,242 - WARNING - 获取sh.688338日线数据失败: 用户未登录
2026-03-15 11:13:15,764 - WARNING - 获取sh.688339日线数据失败: 用户未登录
2026-03-15 11:13:15,830 - WARNING - 获取sh.688343日线数据失败: 用户未登录
2026-03-15 11:13:15,897 - WARNING - 获取sh.688345日线数据失败: 用户未登录
2026-03-15 11:13:15,951 - WARNING - 获取sh.688347日线数据失败: 用户未登录
2026-03-15 11:13:15,991 - WARNING - 获取sh.688348日线数据失败: 用户未登录
2026-03-15 11:13:16,027 - WARNING - 获取sh.688349日线数据失败: 用户未登录
2026-03-15 11:13:16,080 - WARNING - 获取sh.688350日线数据失败: 用户未登录
2026-03-15 11:13:40,266 - INFO - Chunk 完成: 更新 180 只股票
2026-03-15 11:13:40,709 - INFO - 已登出
2026-03-15 11:13:40,712 - INFO - 进度: 1980/4663 (42.5%)
2026-03-15 11:13:40,712 - INFO - 
============================================================
2026-03-15 11:13:40,712 - INFO - 处理 Chunk 4/17 (200 只股票)
2026-03-15 11:13:40,712 - INFO - ============================================================
2026-03-15 11:13:42,706 - INFO - 登录成功
2026-03-15 11:15:05,938 - WARNING - 获取sh.688575日线数据失败: 用户未登录
2026-03-15 11:15:05,970 - WARNING - 获取sh.688576日线数据失败: 用户未登录
2026-03-15 11:15:06,005 - WARNING - 获取sh.688577日线数据失败: 用户未登录
2026-03-15 11:15:06,057 - WARNING - 获取sh.688578日线数据失败: 用户未登录
2026-03-15 11:15:06,089 - WARNING - 获取sh.688579日线数据失败: 用户未登录
2026-03-15 11:15:06,914 - WARNING - 获取sh.688580日线数据失败: 用户未登录
2026-03-15 11:16:15,146 - INFO - Chunk 完成: 更新 194 只股票
2026-03-15 11:16:15,190 - INFO - 已登出
2026-03-15 11:16:15,191 - INFO - 进度: 2174/4663 (46.6%)
2026-03-15 11:16:15,191 - INFO - 
============================================================
2026-03-15 11:16:15,191 - INFO - 处理 Chunk 5/17 (200 只股票)
2026-03-15 11:16:15,191 - INFO - ============================================================
2026-03-15 11:16:15,769 - INFO - 登录成功
2026-03-15 11:17:40,566 - WARNING - 获取sz.001279日线数据失败: 用户未登录
2026-03-15 11:17:40,615 - WARNING - 获取sz.001280日线数据失败: 用户未登录
2026-03-15 11:19:13,489 - INFO - Chunk 完成: 更新 198 只股票
2026-03-15 11:19:13,527 - INFO - 已登出
2026-03-15 11:19:13,528 - INFO - 进度: 2372/4663 (50.9%)
2026-03-15 11:19:13,528 - INFO - 
============================================================
2026-03-15 11:19:13,528 - INFO - 处理 Chunk 6/17 (200 只股票)
2026-03-15 11:19:13,528 - INFO - ============================================================
2026-03-15 11:19:15,022 - INFO - 登录成功
2026-03-15 11:20:07,444 - WARNING - 获取sz.002141日线数据失败: 用户未登录
2026-03-15 11:20:07,473 - WARNING - 获取sz.002142日线数据失败: 用户未登录
2026-03-15 11:21:10,460 - INFO - Chunk 完成: 更新 198 只股票
2026-03-15 11:21:10,858 - INFO - 已登出
2026-03-15 11:21:10,862 - INFO - 进度: 2570/4663 (55.1%)
2026-03-15 11:21:10,862 - INFO - 
============================================================
2026-03-15 11:21:10,862 - INFO - 处理 Chunk 7/17 (200 只股票)
2026-03-15 11:21:10,862 - INFO - ============================================================
2026-03-15 11:21:11,300 - INFO - 登录成功
2026-03-15 11:23:22,072 - INFO - Chunk 完成: 更新 200 只股票
2026-03-15 11:23:22,377 - INFO - 已登出
2026-03-15 11:23:22,380 - INFO - 进度: 2770/4663 (59.4%)
2026-03-15 11:23:22,380 - INFO - 
============================================================
2026-03-15 11:23:22,380 - INFO - 处理 Chunk 8/17 (200 只股票)
2026-03-15 11:23:22,380 - INFO - ============================================================
2026-03-15 11:23:23,508 - INFO - 登录成功
2026-03-15 11:23:27,096 - WARNING - 获取sz.002497日线数据失败: 用户未登录
2026-03-15 11:23:27,693 - WARNING - 获取sz.002498日线数据失败: 用户未登录
2026-03-15 11:23:27,744 - WARNING - 获取sz.002500日线数据失败: 用户未登录
2026-03-15 11:23:27,786 - WARNING - 获取sz.002501日线数据失败: 用户未登录
2026-03-15 11:23:27,823 - WARNING - 获取sz.002506日线数据失败: 用户未登录
2026-03-15 11:23:27,872 - WARNING - 获取sz.002507日线数据失败: 用户未登录
2026-03-15 11:23:28,162 - WARNING - 获取sz.002508日线数据失败: 用户未登录
2026-03-15 11:25:14,397 - INFO - Chunk 完成: 更新 193 只股票
2026-03-15 11:25:15,100 - INFO - 已登出
2026-03-15 11:25:15,105 - INFO - 进度: 2963/4663 (63.5%)
2026-03-15 11:25:15,105 - INFO - 
============================================================
2026-03-15 11:25:15,105 - INFO - 处理 Chunk 9/17 (200 只股票)
2026-03-15 11:25:15,105 - INFO - ============================================================
2026-03-15 11:25:18,428 - INFO - 登录成功
2026-03-15 11:26:41,719 - WARNING - 获取sz.002859日线数据失败: 用户未登录
2026-03-15 11:27:51,106 - INFO - Chunk 完成: 更新 199 只股票
2026-03-15 11:27:51,352 - INFO - 已登出
2026-03-15 11:27:51,353 - INFO - 进度: 3162/4663 (67.8%)
2026-03-15 11:27:51,353 - INFO - 
============================================================
2026-03-15 11:27:51,353 - INFO - 处理 Chunk 10/17 (200 只股票)
2026-03-15 11:27:51,353 - INFO - ============================================================
2026-03-15 11:27:51,875 - INFO - 登录成功
2026-03-15 11:28:58,745 - WARNING - 获取sz.300056日线数据失败: 用户未登录
2026-03-15 11:28:58,792 - WARNING - 获取sz.300057日线数据失败: 用户未登录
2026-03-15 11:28:58,975 - WARNING - 获取sz.300058日线数据失败: 用户未登录
2026-03-15 11:28:59,017 - WARNING - 获取sz.300059日线数据失败: 用户未登录
2026-03-15 11:28:59,050 - WARNING - 获取sz.300061日线数据失败: 用户未登录
2026-03-15 11:28:59,088 - WARNING - 获取sz.300062日线数据失败: 用户未登录
2026-03-15 11:30:02,730 - WARNING - 获取sz.300144日线数据失败: 用户未登录
2026-03-15 11:30:04,039 - INFO - Chunk 完成: 更新 193 只股票
2026-03-15 11:30:05,310 - INFO - 已登出
2026-03-15 11:30:05,314 - INFO - 进度: 3355/4663 (71.9%)
2026-03-15 11:30:05,314 - INFO - 
============================================================
2026-03-15 11:30:05,314 - INFO - 处理 Chunk 11/17 (200 只股票)
2026-03-15 11:30:05,314 - INFO - ============================================================
2026-03-15 11:30:05,789 - INFO - 登录成功
2026-03-15 11:31:28,608 - WARNING - 获取sz.300359日线数据失败: 用户未登录
2026-03-15 11:31:28,718 - WARNING - 获取sz.300360日线数据失败: 用户未登录
2026-03-15 11:31:29,007 - WARNING - 获取sz.300363日线数据失败: 用户未登录
2026-03-15 11:31:29,057 - WARNING - 获取sz.300364日线数据失败: 用户未登录
2026-03-15 11:31:29,117 - WARNING - 获取sz.300365日线数据失败: 用户未登录
2026-03-15 11:31:29,453 - WARNING - 获取sz.300368日线数据失败: 用户未登录
2026-03-15 11:31:42,902 - INFO - Chunk 完成: 更新 194 只股票
2026-03-15 11:31:43,604 - INFO - 已登出
2026-03-15 11:31:43,606 - INFO - 进度: 3549/4663 (76.1%)
2026-03-15 11:31:43,606 - INFO - 
============================================================
2026-03-15 11:31:43,606 - INFO - 处理 Chunk 12/17 (200 只股票)
2026-03-15 11:31:43,607 - INFO - ============================================================
2026-03-15 11:31:44,651 - INFO - 登录成功
2026-03-15 11:33:58,915 - INFO - Chunk 完成: 更新 200 只股票
2026-03-15 11:33:58,946 - INFO - 已登出
2026-03-15 11:33:58,947 - INFO - 进度: 3749/4663 (80.4%)
2026-03-15 11:33:58,947 - INFO - 
============================================================
2026-03-15 11:33:58,948 - INFO - 处理 Chunk 13/17 (200 只股票)
2026-03-15 11:33:58,948 - INFO - ============================================================
2026-03-15 11:33:59,026 - INFO - 登录成功
2026-03-15 11:36:15,340 - INFO - Chunk 完成: 更新 200 只股票
2026-03-15 11:36:16,370 - INFO - 已登出
2026-03-15 11:36:16,376 - INFO - 进度: 3949/4663 (84.7%)
2026-03-15 11:36:16,376 - INFO - 
============================================================
2026-03-15 11:36:16,376 - INFO - 处理 Chunk 14/17 (200 只股票)
2026-03-15 11:36:16,376 - INFO - ============================================================
2026-03-15 11:36:17,563 - INFO - 登录成功
2026-03-15 11:36:50,314 - WARNING - 获取sz.300882日线数据失败: 用户未登录
2026-03-15 11:36:50,400 - WARNING - 获取sz.300883日线数据失败: 用户未登录
2026-03-15 11:36:50,460 - WARNING - 获取sz.300884日线数据失败: 用户未登录
2026-03-15 11:36:50,495 - WARNING - 获取sz.300885日线数据失败: 用户未登录
2026-03-15 11:36:50,534 - WARNING - 获取sz.300886日线数据失败: 用户未登录
2026-03-15 11:36:50,568 - WARNING - 获取sz.300887日线数据失败: 用户未登录
2026-03-15 11:36:50,602 - WARNING - 获取sz.300888日线数据失败: 用户未登录
2026-03-15 11:36:50,638 - WARNING - 获取sz.300889日线数据失败: 用户未登录
2026-03-15 11:36:50,837 - WARNING - 获取sz.300890日线数据失败: 用户未登录
2026-03-15 11:38:23,198 - INFO - Chunk 完成: 更新 191 只股票
2026-03-15 11:38:24,191 - INFO - 已登出
2026-03-15 11:38:24,193 - INFO - 进度: 4140/4663 (88.8%)
2026-03-15 11:38:24,193 - INFO - 
============================================================
2026-03-15 11:38:24,193 - INFO - 处理 Chunk 15/17 (200 只股票)
2026-03-15 11:38:24,193 - INFO - ============================================================
2026-03-15 11:38:24,269 - INFO - 登录成功
2026-03-15 11:39:49,172 - INFO - Chunk 完成: 更新 200 只股票
2026-03-15 11:39:49,332 - INFO - 已登出
2026-03-15 11:39:49,339 - INFO - 进度: 4340/4663 (93.1%)
2026-03-15 11:39:49,339 - INFO - 
============================================================
2026-03-15 11:39:49,339 - INFO - 处理 Chunk 16/17 (200 只股票)
2026-03-15 11:39:49,339 - INFO - ============================================================
2026-03-15 11:39:49,906 - INFO - 登录成功
2026-03-15 11:41:02,132 - WARNING - 获取sz.301536日线数据失败: 用户未登录
2026-03-15 11:41:02,234 - WARNING - 获取sz.301538日线数据失败: 用户未登录
2026-03-15 11:41:02,498 - WARNING - 获取sz.301539日线数据失败: 用户未登录
2026-03-15 11:41:04,069 - WARNING - 获取sz.301548日线数据失败: 用户未登录
2026-03-15 11:41:04,390 - WARNING - 获取sz.301550日线数据失败: 用户未登录
2026-03-15 11:41:04,661 - WARNING - 获取sz.301551日线数据失败: 用户未登录
2026-03-15 11:41:05,119 - WARNING - 获取sz.301552日线数据失败: 用户未登录
2026-03-15 11:41:05,168 - WARNING - 获取sz.301555日线数据失败: 用户未登录
2026-03-15 11:41:05,201 - WARNING - 获取sz.301556日线数据失败: 用户未登录
2026-03-15 11:41:05,236 - WARNING - 获取sz.301557日线数据失败: 用户未登录
2026-03-15 11:41:05,645 - WARNING - 获取sz.301558日线数据失败: 用户未登录
2026-03-15 11:41:06,169 - WARNING - 获取sz.301559日线数据失败: 用户未登录
2026-03-15 11:41:06,399 - WARNING - 获取sz.301560日线数据失败: 用户未登录
2026-03-15 11:41:06,810 - WARNING - 获取sz.301563日线数据失败: 用户未登录
2026-03-15 11:41:07,217 - WARNING - 获取sz.301565日线数据失败: 用户未登录
2026-03-15 11:41:07,393 - WARNING - 获取sz.301566日线数据失败: 用户未登录
2026-03-15 11:41:08,979 - WARNING - 获取sz.301567日线数据失败: 用户未登录
2026-03-15 11:41:09,035 - WARNING - 获取sz.301568日线数据失败: 用户未登录
2026-03-15 11:41:09,470 - WARNING - 获取sz.301571日线数据失败: 用户未登录
2026-03-15 11:41:10,060 - WARNING - 获取sz.301575日线数据失败: 用户未登录
2026-03-15 11:41:10,603 - WARNING - 获取sz.301577日线数据失败: 用户未登录
2026-03-15 11:41:10,885 - WARNING - 获取sz.301578日线数据失败: 用户未登录
2026-03-15 11:41:11,408 - WARNING - 获取sz.301580日线数据失败: 用户未登录
2026-03-15 11:41:11,934 - WARNING - 获取sz.301581日线数据失败: 用户未登录
2026-03-15 11:41:13,013 - WARNING - 获取sz.301584日线数据失败: 用户未登录
2026-03-15 11:41:13,145 - WARNING - 获取sz.301585日线数据失败: 用户未登录
2026-03-15 11:41:13,208 - WARNING - 获取sz.301586日线数据失败: 用户未登录
2026-03-15 11:41:13,508 - WARNING - 获取sz.301587日线数据失败: 用户未登录
2026-03-15 11:41:13,575 - WARNING - 获取sz.301588日线数据失败: 用户未登录
2026-03-15 11:41:13,629 - WARNING - 获取sz.301589日线数据失败: 用户未登录
2026-03-15 11:41:13,704 - WARNING - 获取sz.301590日线数据失败: 用户未登录
2026-03-15 11:41:13,751 - WARNING - 获取sz.301591日线数据失败: 用户未登录
2026-03-15 11:41:13,822 - WARNING - 获取sz.301592日线数据失败: 用户未登录
2026-03-15 11:41:13,868 - WARNING - 获取sz.301595日线数据失败: 用户未登录
2026-03-15 11:41:15,118 - WARNING - 获取sz.301596日线数据失败: 用户未登录
2026-03-15 11:41:15,605 - WARNING - 获取sz.301598日线数据失败: 用户未登录
2026-03-15 11:41:16,130 - WARNING - 获取sz.301600日线数据失败: 用户未登录
2026-03-15 11:41:16,827 - WARNING - 获取sz.301601日线数据失败: 用户未登录
2026-03-15 11:41:23,003 - INFO - Chunk 完成: 更新 162 只股票
2026-03-15 11:41:23,476 - INFO - 已登出
2026-03-15 11:41:23,477 - INFO - 进度: 4502/4663 (96.5%)
2026-03-15 11:41:23,477 - INFO - 
============================================================
2026-03-15 11:41:23,477 - INFO - 处理 Chunk 17/17 (63 只股票)
2026-03-15 11:41:23,477 - INFO - ============================================================
2026-03-15 11:41:24,052 - INFO - 登录成功
2026-03-15 11:41:28,922 - WARNING - 获取sz.301629日线数据失败: 用户未登录
2026-03-15 11:41:29,287 - WARNING - 获取sz.301630日线数据失败: 用户未登录
2026-03-15 11:41:29,578 - WARNING - 获取sz.301631日线数据失败: 用户未登录
2026-03-15 11:41:29,759 - WARNING - 获取sz.301632日线数据失败: 用户未登录
2026-03-15 11:41:29,811 - WARNING - 获取sz.301633日线数据失败: 用户未登录
2026-03-15 11:41:29,906 - WARNING - 获取sz.301636日线数据失败: 用户未登录
2026-03-15 11:41:29,937 - WARNING - 获取sz.301638日线数据失败: 用户未登录
2026-03-15 11:41:29,970 - WARNING - 获取sz.301656日线数据失败: 用户未登录
2026-03-15 11:41:30,023 - WARNING - 获取sz.301658日线数据失败: 用户未登录
2026-03-15 11:41:30,349 - WARNING - 获取sz.301662日线数据失败: 用户未登录
2026-03-15 11:41:45,492 - INFO - Chunk 完成: 更新 16 只股票
2026-03-15 11:41:45,579 - INFO - 已登出
2026-03-15 11:41:45,580 - INFO - 进度: 4518/4663 (96.9%)
2026-03-15 11:41:45,580 - INFO - 
============================================================
2026-03-15 11:41:45,580 - INFO - 更新结束: 4518/4663 (96.9%)
2026-03-15 11:41:45,580 - INFO - ============================================================
2026-03-15 11:41:45,581 - ERROR - ✗ 任务未完成 (96.9%)，将在下次继续
login success!
logout success!
login success!
logout success!
login success!
logout success!
login success!
logout success!
login success!
logout success!
login success!
logout success!
login success!
logout success!
login success!
logout success!
login success!
logout success!
login success!
logout success!
login success!
logout success!
login success!
logout success!
login success!
logout success!
login success!
logout success!
login success!
logout success!
login success!
logout success!
login success!
logout success!
login success!
logout success!
