2026-03-14 02:32:39,118 - INFO - ============================================================
2026-03-14 02:32:39,118 - INFO - 开始每日数据更新: 2026-03-13
2026-03-14 02:32:39,118 - INFO - ============================================================
2026-03-14 02:32:39,118 - INFO - 更新股票基础信息...
2026-03-14 02:32:39,179 - INFO - 登录成功
2026-03-14 02:32:39,179 - INFO - 获取全A股列表...
2026-03-14 02:32:48,752 - INFO - 获取到 5812 只股票（已过滤ST、北交所、指数）
2026-03-14 02:32:49,302 - INFO - 股票列表更新完成: 新增 0 只
2026-03-14 02:32:49,623 - INFO - 已登出
2026-03-14 02:32:49,696 - INFO - 计划更新: 4663 只活跃股票（已排除退市/ST/指数）
2026-03-14 02:32:49,788 - INFO - 已完成: 4621 只，剩余: 42 只
2026-03-14 02:32:49,788 - INFO - 
============================================================
2026-03-14 02:32:49,788 - INFO - 处理 Chunk 1/1 (42 只股票)
2026-03-14 02:32:49,788 - INFO - ============================================================
2026-03-14 02:32:50,339 - INFO - 登录成功
2026-03-14 02:32:56,951 - INFO - Chunk 完成: 更新 5 只股票
2026-03-14 02:32:57,065 - INFO - 已登出
2026-03-14 02:32:57,070 - INFO - 进度: 4626/4663 (99.2%)
2026-03-14 02:32:57,070 - INFO - 
============================================================
2026-03-14 02:32:57,070 - INFO - 更新结束: 4626/4663 (99.2%)
2026-03-14 02:32:57,070 - INFO - ============================================================
2026-03-14 02:32:57,074 - ERROR - ✗ 任务未完成 (99.2%)，将在下次继续
login success!
logout success!
login success!
logout success!
